[01-08-2025 12:47:00] INFO: Tüm etkinlikler başarıyla getirildi.
[01-08-2025 12:51:30] INFO: Tüm etkinlikler başarıyla getirildi.
[01-08-2025 12:51:35] INFO: Tüm biletler başarıyla getirildi.
[01-08-2025 12:51:37] INFO: Tüm siparişler başarıyla getirildi.
[01-08-2025 12:51:49] INFO: Bilet türü 1 başarıyla getirildi.
[01-08-2025 12:51:52] INFO: Tüm bilet türleri başarıyla getirildi.
[01-08-2025 12:52:15] INFO: Tüm etkinlik türleri başarıyla getirildi.
[01-08-2025 12:52:17] INFO: Etkinlik türü 2 başarıyla getirildi.
[01-08-2025 12:52:28] INFO: Etkinlik türü 2 başarıyla getirildi.
[01-08-2025 12:52:35] INFO: Etkinlik türü 2 başarıyla güncellendi.
[01-08-2025 12:52:37] INFO: Etkinlik türü 2 başarıyla güncellendi.
[01-08-2025 13:18:14] INFO: Kullanıcı başarıyla giriş yaptı.
[01-08-2025 13:26:12] INFO: Kullanıcı başarıyla giriş yaptı.
[01-08-2025 13:26:43] INFO: Kullanıcı başarıyla giriş yaptı.
[01-08-2025 13:27:29] INFO: Kullanıcı başarıyla giriş yaptı.
[01-08-2025 13:32:37] INFO: Kullanıcı başarıyla giriş yaptı.
[01-08-2025 13:33:03] INFO: Kullanıcı başarıyla giriş yaptı.
[01-08-2025 13:34:57] INFO: Kullanıcı başarıyla giriş yaptı.
[01-08-2025 13:41:48] INFO: Kullanıcı başarıyla giriş yaptı.
[01-08-2025 13:42:27] INFO: Kullanıcı başarıyla giriş yaptı.
[01-08-2025 13:44:17] INFO: Kullanıcı başarıyla giriş yaptı.
[01-08-2025 13:45:18] INFO: Kullanıcı başarıyla giriş yaptı.
[01-08-2025 13:45:23] INFO: Kullanıcı başarıyla çıkış yaptı.
